Запуск функции: hello_world
Дата запуска функции hello_world: 2024-02-28 02:05:10.883664
Aргументы функции hello_world: ((), {})
Результат функции hello_world: Hello World
Запуск функции: summator
Дата запуска функции summator: 2024-02-28 02:05:10.884666
Aргументы функции summator: ((2, 2), {})
Результат функции summator: 4
Запуск функции: div
Дата запуска функции div: 2024-02-28 02:05:10.884666
Aргументы функции div: ((6, 2), {})
Результат функции div: 3.0
Запуск функции: summator
Дата запуска функции summator: 2024-02-28 02:05:10.886666
Aргументы функции summator: ((4.3,), {'b': 2.2})
Результат функции summator: 6.5
Запуск функции: summator
Дата запуска функции summator: 2024-02-28 02:05:10.886666
Aргументы функции summator: ((), {'a': 0, 'b': 0})
Результат функции summator: 0
